0 info it worked if it ends with ok
1 verbose cli [ '/usr/local/Cellar/node/7.4.0/bin/node',
1 verbose cli   '/usr/local/bin/npm',
1 verbose cli   'install',
1 verbose cli   'google-maps',
1 verbose cli   '--save' ]
2 info using npm@4.0.5
3 info using node@v7.4.0
4 silly loadCurrentTree Starting
5 silly install loadCurrentTree
6 silly install readLocalPackageData
7 silly fetchPackageMetaData google-maps
8 silly fetchNamedPackageData google-maps
9 silly mapToRegistry name google-maps
10 silly mapToRegistry using default registry
11 silly mapToRegistry registry https://registry.npmjs.org/
12 silly mapToRegistry data Result {
12 silly mapToRegistry   raw: 'google-maps',
12 silly mapToRegistry   scope: null,
12 silly mapToRegistry   escapedName: 'google-maps',
12 silly mapToRegistry   name: 'google-maps',
12 silly mapToRegistry   rawSpec: '',
12 silly mapToRegistry   spec: 'latest',
12 silly mapToRegistry   type: 'tag' }
13 silly mapToRegistry uri https://registry.npmjs.org/google-maps
14 verbose request uri https://registry.npmjs.org/google-maps
15 verbose request no auth needed
16 info attempt registry request try #1 at 4:14:17 PM
17 verbose request id 36f2afe0b8f0ae20
18 http request GET https://registry.npmjs.org/google-maps
19 http 200 https://registry.npmjs.org/google-maps
20 verbose headers { server: 'nginx/1.10.1',
20 verbose headers   'content-type': 'application/json',
20 verbose headers   'last-modified': 'Mon, 28 Nov 2016 23:52:18 GMT',
20 verbose headers   etag: 'W/"583cc332-396c"',
20 verbose headers   'content-encoding': 'gzip',
20 verbose headers   'cache-control': 'max-age=300',
20 verbose headers   'content-length': '3265',
20 verbose headers   'accept-ranges': 'bytes',
20 verbose headers   date: 'Sun, 29 Jan 2017 21:14:17 GMT',
20 verbose headers   via: '1.1 varnish',
20 verbose headers   age: '0',
20 verbose headers   connection: 'keep-alive',
20 verbose headers   'x-served-by': 'cache-iad2129-IAD',
20 verbose headers   'x-cache': 'MISS',
20 verbose headers   'x-cache-hits': '0',
20 verbose headers   'x-timer': 'S1485724457.906047,VS0,VE1',
20 verbose headers   vary: 'Accept-Encoding' }
21 silly get cb [ 200,
21 silly get   { server: 'nginx/1.10.1',
21 silly get     'content-type': 'application/json',
21 silly get     'last-modified': 'Mon, 28 Nov 2016 23:52:18 GMT',
21 silly get     etag: 'W/"583cc332-396c"',
21 silly get     'content-encoding': 'gzip',
21 silly get     'cache-control': 'max-age=300',
21 silly get     'content-length': '3265',
21 silly get     'accept-ranges': 'bytes',
21 silly get     date: 'Sun, 29 Jan 2017 21:14:17 GMT',
21 silly get     via: '1.1 varnish',
21 silly get     age: '0',
21 silly get     connection: 'keep-alive',
21 silly get     'x-served-by': 'cache-iad2129-IAD',
21 silly get     'x-cache': 'MISS',
21 silly get     'x-cache-hits': '0',
21 silly get     'x-timer': 'S1485724457.906047,VS0,VE1',
21 silly get     vary: 'Accept-Encoding' } ]
22 verbose get saving google-maps to /Users/jeff/.npm/registry.npmjs.org/google-maps/.cache.json
23 verbose correctMkdir /Users/jeff/.npm correctMkdir not in flight; initializing
24 silly install normalizeTree
25 silly loadCurrentTree Finishing
26 silly loadIdealTree Starting
27 silly install loadIdealTree
28 silly cloneCurrentTree Starting
29 silly install cloneCurrentTreeToIdealTree
30 silly cloneCurrentTree Finishing
31 silly loadShrinkwrap Starting
32 silly install loadShrinkwrap
33 silly loadShrinkwrap Finishing
34 silly loadAllDepsIntoIdealTree Starting
35 silly install loadAllDepsIntoIdealTree
36 silly rollbackFailedOptional Starting
37 silly rollbackFailedOptional Finishing
38 silly runTopLevelLifecycles Finishing
39 silly install printInstalled
40 verbose stack Error: Refusing to install package with name "google-maps" under a package
40 verbose stack also called "google-maps". Did you name your project the same
40 verbose stack as the dependency you're installing?
40 verbose stack
40 verbose stack For more information, see:
40 verbose stack     <https://docs.npmjs.com/cli/install#limitations-of-npms-install-algorithm>
40 verbose stack     at checkSelf (/usr/local/lib/node_modules/npm/lib/install/validate-args.js:53:14)
40 verbose stack     at Array.<anonymous> (/usr/local/lib/node_modules/npm/node_modules/slide/lib/bind-actor.js:15:8)
40 verbose stack     at LOOP (/usr/local/lib/node_modules/npm/node_modules/slide/lib/chain.js:15:14)
40 verbose stack     at chain (/usr/local/lib/node_modules/npm/node_modules/slide/lib/chain.js:20:5)
40 verbose stack     at /usr/local/lib/node_modules/npm/lib/install/validate-args.js:16:5
40 verbose stack     at /usr/local/lib/node_modules/npm/node_modules/slide/lib/async-map.js:52:35
40 verbose stack     at Array.forEach (native)
40 verbose stack     at /usr/local/lib/node_modules/npm/node_modules/slide/lib/async-map.js:52:11
40 verbose stack     at Array.forEach (native)
40 verbose stack     at asyncMap (/usr/local/lib/node_modules/npm/node_modules/slide/lib/async-map.js:51:8)
41 verbose cwd /Users/jeff/Desktop/Udacity/Portfolio/Google-Maps/Google Maps
42 error Darwin 16.4.0
43 error argv "/usr/local/Cellar/node/7.4.0/bin/node" "/usr/local/bin/npm" "install" "google-maps" "--save"
44 error node v7.4.0
45 error npm  v4.0.5
46 error code ENOSELF
47 error Refusing to install package with name "google-maps" under a package
47 error also called "google-maps". Did you name your project the same
47 error as the dependency you're installing?
47 error
47 error For more information, see:
47 error     <https://docs.npmjs.com/cli/install#limitations-of-npms-install-algorithm>
48 error If you need help, you may report this error at:
48 error     <https://github.com/npm/npm/issues>
49 verbose exit [ 1, true ]
